Unable to capture context for thread 14468 in process 9764, can not generate back trace
Unable to capture context for thread 14468 in process 9764, can not generate back trace
Exception at PC 0x00007FFB1954428C
Exception at PC 0x00007FFA4688BB93
Printing stacktrace...

Exception at PC 0x00007FFB1954428C
Exception at PC 0x00007FFB1954428C
Exception at PC 0x00007FFB1954428C
Exception at PC 0x00007FFB1954428C
Exception at PC 0x00007FFB1954428C
Exception at PC 0x00007FFB1954428C
Exception at PC 0x00007FFB1954428C
Exception at PC 0x00007FFB1954428C
Exception at PC 0x00007FFB1954428C
Exception at PC 0x00007FFB1954428C
Exception at PC 0x00007FFB1954428C
[0]  [0x00007FFA4688BB93]
[1]  [0x00007FFA4688BB93]
[2]  [0x00007FFA4688B4A1]
[3]  [0x00007FFA4688B3EF]
[4]  [0x00007FFA468719FE]
[5]  [0x00007FFA46870ED1]
[6]  [0x00007FFA46870D76]
[7]  [0x00007FFA468179F6]
[8]  [0x00007FFA46807AFB]
[9]  [0x00007FFA4692E90A]
[10]  [0x00007FFA46949F87]
[11]  [0x00007FFA4694A05F]
[12] (BaseThreadInitThunk+0x10) [0x00007FFB19F35550]
[13] (RtlUserThreadStart+0x2b) [0x00007FFB1BEC485B]
Done
Exception at PC 0x00007FFB1954428C
Exception at PC 0x00007FFB1954428C
Exception at PC 0x00007FFB1954428C
Exception at PC 0x00007FFB1954428C
Exception at PC 0x00007FFB1954428C
Exception at PC 0x00007FFB1954428C
