#-----------------------------------------------------------
# Vivado v2016.4 (64-bit)
# SW Build 1756540 on Mon Jan 23 19:11:23 MST 2017
# IP Build 1755317 on Mon Jan 23 20:30:07 MST 2017
# Start of session at: Mon Nov 07 16:22:31 2022
# Process ID: 14408
# Current directory: D:/MATERIALE AN 3 SEM 1/SSC/lab5/fifo
# Command line: vivado.exe -gui_launcher_event rodinguilauncherevent7368 D:\MATERIALE AN 3 SEM 1\SSC\lab5\fifo\fifo.xpr
# Log file: D:/MATERIALE AN 3 SEM 1/SSC/lab5/fifo/vivado.log
# Journal file: D:/MATERIALE AN 3 SEM 1/SSC/lab5/fifo\vivado.jou
#-----------------------------------------------------------
start_gui
open_project {D:/MATERIALE AN 3 SEM 1/SSC/lab5/fifo/fifo.xpr}
Scanning sources...
Finished scanning sources
INFO: [IP_Flow 19-234] Refreshing IP repositories
INFO: [IP_Flow 19-1704] No user IP repositories specified
INFO: [IP_Flow 19-2313] Loaded Vivado IP repository 'C:/Xilinx/Vivado/2016.4/data/ip'.
exit
INFO: [Common 17-206] Exiting Vivado at Tue Nov 08 14:39:48 2022...
