
*** Running vivado
    with args -log fifo.vds -m64 -product Vivado -mode batch -messageDb vivado.pb -notrace -source fifo.tcl


****** Vivado v2016.4 (64-bit)
  **** SW Build 1756540 on Mon Jan 23 19:11:23 MST 2017
  **** IP Build 1755317 on Mon Jan 23 20:30:07 MST 2017
    ** Copyright 1986-2016 Xilinx, Inc. All Rights Reserved.

source fifo.tcl -notrace
Command: synth_design -top fifo -part xc7k70tfbv676-1
Starting synth_design
Attempting to get a license for feature 'Synthesis' and/or device 'xc7k70t'
INFO: [Common 17-349] Got license for feature 'Synthesis' and/or device 'xc7k70t'
INFO: Launching helper process for spawning children vivado processes
INFO: Helper process launched with PID 6700 
---------------------------------------------------------------------------------
Starting RTL Elaboration : Time (s): cpu = 00:00:03 ; elapsed = 00:00:05 . Memory (MB): peak = 282.863 ; gain = 72.629
---------------------------------------------------------------------------------
INFO: [Synth 8-638] synthesizing module 'fifo' [D:/MATERIALE AN 3 SEM 1/SSC/lab5/fifo/fifo.srcs/sources_1/new/fifo.vhd:17]
INFO: [Synth 8-226] default block is never used [D:/MATERIALE AN 3 SEM 1/SSC/lab5/fifo/fifo.srcs/sources_1/new/fifo.vhd:36]
INFO: [Synth 8-226] default block is never used [D:/MATERIALE AN 3 SEM 1/SSC/lab5/fifo/fifo.srcs/sources_1/new/fifo.vhd:90]
INFO: [Synth 8-256] done synthesizing module 'fifo' (1#1) [D:/MATERIALE AN 3 SEM 1/SSC/lab5/fifo/fifo.srcs/sources_1/new/fifo.vhd:17]
---------------------------------------------------------------------------------
Finished RTL Elaboration : Time (s): cpu = 00:00:04 ; elapsed = 00:00:06 . Memory (MB): peak = 320.246 ; gain = 110.012
---------------------------------------------------------------------------------

Report Check Netlist: 
+------+------------------+-------+---------+-------+------------------+
|      |Item              |Errors |Warnings |Status |Description       |
+------+------------------+-------+---------+-------+------------------+
|1     |multi_driven_nets |      0|        0|Passed |Multi driven nets |
+------+------------------+-------+---------+-------+------------------+
---------------------------------------------------------------------------------
Finished RTL Optimization Phase 1 : Time (s): cpu = 00:00:04 ; elapsed = 00:00:06 . Memory (MB): peak = 320.246 ; gain = 110.012
---------------------------------------------------------------------------------
INFO: [Device 21-403] Loading part xc7k70tfbv676-1
INFO: [Project 1-570] Preparing netlist for logic optimization

Processing XDC Constraints
Initializing timing engine
Parsing XDC File [D:/MATERIALE AN 3 SEM 1/SSC/const.xdc]
WARNING: [Vivado 12-584] No ports matched 'sw[0]'. [D:/MATERIALE AN 3 SEM 1/SSC/const.xdc:12]
CRITICAL WARNING: [Common 17-55] 'set_property' expects at least one object. [D:/MATERIALE AN 3 SEM 1/SSC/const.xdc:12]
Resolution: If [get_<value>] was used to populate the object, check to make sure this command returns at least one valid object.
WARNING: [Vivado 12-584] No ports matched 'sw[0]'. [D:/MATERIALE AN 3 SEM 1/SSC/const.xdc:13]
CRITICAL WARNING: [Common 17-55] 'set_property' expects at least one object. [D:/MATERIALE AN 3 SEM 1/SSC/const.xdc:13]
Resolution: If [get_<value>] was used to populate the object, check to make sure this command returns at least one valid object.
WARNING: [Vivado 12-584] No ports matched 'sw[1]'. [D:/MATERIALE AN 3 SEM 1/SSC/const.xdc:14]
CRITICAL WARNING: [Common 17-55] 'set_property' expects at least one object. [D:/MATERIALE AN 3 SEM 1/SSC/const.xdc:14]
Resolution: If [get_<value>] was used to populate the object, check to make sure this command returns at least one valid object.
WARNING: [Vivado 12-584] No ports matched 'sw[1]'. [D:/MATERIALE AN 3 SEM 1/SSC/const.xdc:15]
CRITICAL WARNING: [Common 17-55] 'set_property' expects at least one object. [D:/MATERIALE AN 3 SEM 1/SSC/const.xdc:15]
Resolution: If [get_<value>] was used to populate the object, check to make sure this command returns at least one valid object.
WARNING: [Vivado 12-584] No ports matched 'sw[2]'. [D:/MATERIALE AN 3 SEM 1/SSC/const.xdc:16]
CRITICAL WARNING: [Common 17-55] 'set_property' expects at least one object. [D:/MATERIALE AN 3 SEM 1/SSC/const.xdc:16]
Resolution: If [get_<value>] was used to populate the object, check to make sure this command returns at least one valid object.
WARNING: [Vivado 12-584] No ports matched 'sw[2]'. [D:/MATERIALE AN 3 SEM 1/SSC/const.xdc:17]
CRITICAL WARNING: [Common 17-55] 'set_property' expects at least one object. [D:/MATERIALE AN 3 SEM 1/SSC/const.xdc:17]
Resolution: If [get_<value>] was used to populate the object, check to make sure this command returns at least one valid object.
WARNING: [Vivado 12-584] No ports matched 'sw[3]'. [D:/MATERIALE AN 3 SEM 1/SSC/const.xdc:18]
CRITICAL WARNING: [Common 17-55] 'set_property' expects at least one object. [D:/MATERIALE AN 3 SEM 1/SSC/const.xdc:18]
Resolution: If [get_<value>] was used to populate the object, check to make sure this command returns at least one valid object.
WARNING: [Vivado 12-584] No ports matched 'sw[3]'. [D:/MATERIALE AN 3 SEM 1/SSC/const.xdc:19]
CRITICAL WARNING: [Common 17-55] 'set_property' expects at least one object. [D:/MATERIALE AN 3 SEM 1/SSC/const.xdc:19]
Resolution: If [get_<value>] was used to populate the object, check to make sure this command returns at least one valid object.
WARNING: [Vivado 12-584] No ports matched 'sw[4]'. [D:/MATERIALE AN 3 SEM 1/SSC/const.xdc:20]
CRITICAL WARNING: [Common 17-55] 'set_property' expects at least one object. [D:/MATERIALE AN 3 SEM 1/SSC/const.xdc:20]
Resolution: If [get_<value>] was used to populate the object, check to make sure this command returns at least one valid object.
WARNING: [Vivado 12-584] No ports matched 'sw[4]'. [D:/MATERIALE AN 3 SEM 1/SSC/const.xdc:21]
CRITICAL WARNING: [Common 17-55] 'set_property' expects at least one object. [D:/MATERIALE AN 3 SEM 1/SSC/const.xdc:21]
Resolution: If [get_<value>] was used to populate the object, check to make sure this command returns at least one valid object.
WARNING: [Vivado 12-584] No ports matched 'sw[5]'. [D:/MATERIALE AN 3 SEM 1/SSC/const.xdc:22]
CRITICAL WARNING: [Common 17-55] 'set_property' expects at least one object. [D:/MATERIALE AN 3 SEM 1/SSC/const.xdc:22]
Resolution: If [get_<value>] was used to populate the object, check to make sure this command returns at least one valid object.
WARNING: [Vivado 12-584] No ports matched 'sw[5]'. [D:/MATERIALE AN 3 SEM 1/SSC/const.xdc:23]
CRITICAL WARNING: [Common 17-55] 'set_property' expects at least one object. [D:/MATERIALE AN 3 SEM 1/SSC/const.xdc:23]
Resolution: If [get_<value>] was used to populate the object, check to make sure this command returns at least one valid object.
WARNING: [Vivado 12-584] No ports matched 'sw[6]'. [D:/MATERIALE AN 3 SEM 1/SSC/const.xdc:24]
CRITICAL WARNING: [Common 17-55] 'set_property' expects at least one object. [D:/MATERIALE AN 3 SEM 1/SSC/const.xdc:24]
Resolution: If [get_<value>] was used to populate the object, check to make sure this command returns at least one valid object.
WARNING: [Vivado 12-584] No ports matched 'sw[6]'. [D:/MATERIALE AN 3 SEM 1/SSC/const.xdc:25]
CRITICAL WARNING: [Common 17-55] 'set_property' expects at least one object. [D:/MATERIALE AN 3 SEM 1/SSC/const.xdc:25]
Resolution: If [get_<value>] was used to populate the object, check to make sure this command returns at least one valid object.
WARNING: [Vivado 12-584] No ports matched 'sw[7]'. [D:/MATERIALE AN 3 SEM 1/SSC/const.xdc:26]
CRITICAL WARNING: [Common 17-55] 'set_property' expects at least one object. [D:/MATERIALE AN 3 SEM 1/SSC/const.xdc:26]
Resolution: If [get_<value>] was used to populate the object, check to make sure this command returns at least one valid object.
WARNING: [Vivado 12-584] No ports matched 'sw[7]'. [D:/MATERIALE AN 3 SEM 1/SSC/const.xdc:27]
CRITICAL WARNING: [Common 17-55] 'set_property' expects at least one object. [D:/MATERIALE AN 3 SEM 1/SSC/const.xdc:27]
Resolution: If [get_<value>] was used to populate the object, check to make sure this command returns at least one valid object.
WARNING: [Vivado 12-584] No ports matched 'sw[8]'. [D:/MATERIALE AN 3 SEM 1/SSC/const.xdc:28]
CRITICAL WARNING: [Common 17-55] 'set_property' expects at least one object. [D:/MATERIALE AN 3 SEM 1/SSC/const.xdc:28]
Resolution: If [get_<value>] was used to populate the object, check to make sure this command returns at least one valid object.
WARNING: [Vivado 12-584] No ports matched 'sw[8]'. [D:/MATERIALE AN 3 SEM 1/SSC/const.xdc:29]
CRITICAL WARNING: [Common 17-55] 'set_property' expects at least one object. [D:/MATERIALE AN 3 SEM 1/SSC/const.xdc:29]
Resolution: If [get_<value>] was used to populate the object, check to make sure this command returns at least one valid object.
WARNING: [Vivado 12-584] No ports matched 'sw[9]'. [D:/MATERIALE AN 3 SEM 1/SSC/const.xdc:30]
CRITICAL WARNING: [Common 17-55] 'set_property' expects at least one object. [D:/MATERIALE AN 3 SEM 1/SSC/const.xdc:30]
Resolution: If [get_<value>] was used to populate the object, check to make sure this command returns at least one valid object.
WARNING: [Vivado 12-584] No ports matched 'sw[9]'. [D:/MATERIALE AN 3 SEM 1/SSC/const.xdc:31]
CRITICAL WARNING: [Common 17-55] 'set_property' expects at least one object. [D:/MATERIALE AN 3 SEM 1/SSC/const.xdc:31]
Resolution: If [get_<value>] was used to populate the object, check to make sure this command returns at least one valid object.
WARNING: [Vivado 12-584] No ports matched 'sw[10]'. [D:/MATERIALE AN 3 SEM 1/SSC/const.xdc:32]
CRITICAL WARNING: [Common 17-55] 'set_property' expects at least one object. [D:/MATERIALE AN 3 SEM 1/SSC/const.xdc:32]
Resolution: If [get_<value>] was used to populate the object, check to make sure this command returns at least one valid object.
WARNING: [Vivado 12-584] No ports matched 'sw[10]'. [D:/MATERIALE AN 3 SEM 1/SSC/const.xdc:33]
CRITICAL WARNING: [Common 17-55] 'set_property' expects at least one object. [D:/MATERIALE AN 3 SEM 1/SSC/const.xdc:33]
Resolution: If [get_<value>] was used to populate the object, check to make sure this command returns at least one valid object.
WARNING: [Vivado 12-584] No ports matched 'sw[11]'. [D:/MATERIALE AN 3 SEM 1/SSC/const.xdc:34]
CRITICAL WARNING: [Common 17-55] 'set_property' expects at least one object. [D:/MATERIALE AN 3 SEM 1/SSC/const.xdc:34]
Resolution: If [get_<value>] was used to populate the object, check to make sure this command returns at least one valid object.
WARNING: [Vivado 12-584] No ports matched 'sw[11]'. [D:/MATERIALE AN 3 SEM 1/SSC/const.xdc:35]
CRITICAL WARNING: [Common 17-55] 'set_property' expects at least one object. [D:/MATERIALE AN 3 SEM 1/SSC/const.xdc:35]
Resolution: If [get_<value>] was used to populate the object, check to make sure this command returns at least one valid object.
WARNING: [Vivado 12-584] No ports matched 'sw[12]'. [D:/MATERIALE AN 3 SEM 1/SSC/const.xdc:36]
CRITICAL WARNING: [Common 17-55] 'set_property' expects at least one object. [D:/MATERIALE AN 3 SEM 1/SSC/const.xdc:36]
Resolution: If [get_<value>] was used to populate the object, check to make sure this command returns at least one valid object.
WARNING: [Vivado 12-584] No ports matched 'sw[12]'. [D:/MATERIALE AN 3 SEM 1/SSC/const.xdc:37]
CRITICAL WARNING: [Common 17-55] 'set_property' expects at least one object. [D:/MATERIALE AN 3 SEM 1/SSC/const.xdc:37]
Resolution: If [get_<value>] was used to populate the object, check to make sure this command returns at least one valid object.
WARNING: [Vivado 12-584] No ports matched 'sw[13]'. [D:/MATERIALE AN 3 SEM 1/SSC/const.xdc:38]
CRITICAL WARNING: [Common 17-55] 'set_property' expects at least one object. [D:/MATERIALE AN 3 SEM 1/SSC/const.xdc:38]
Resolution: If [get_<value>] was used to populate the object, check to make sure this command returns at least one valid object.
WARNING: [Vivado 12-584] No ports matched 'sw[13]'. [D:/MATERIALE AN 3 SEM 1/SSC/const.xdc:39]
CRITICAL WARNING: [Common 17-55] 'set_property' expects at least one object. [D:/MATERIALE AN 3 SEM 1/SSC/const.xdc:39]
Resolution: If [get_<value>] was used to populate the object, check to make sure this command returns at least one valid object.
WARNING: [Vivado 12-584] No ports matched 'sw[14]'. [D:/MATERIALE AN 3 SEM 1/SSC/const.xdc:40]
CRITICAL WARNING: [Common 17-55] 'set_property' expects at least one object. [D:/MATERIALE AN 3 SEM 1/SSC/const.xdc:40]
Resolution: If [get_<value>] was used to populate the object, check to make sure this command returns at least one valid object.
WARNING: [Vivado 12-584] No ports matched 'sw[14]'. [D:/MATERIALE AN 3 SEM 1/SSC/const.xdc:41]
CRITICAL WARNING: [Common 17-55] 'set_property' expects at least one object. [D:/MATERIALE AN 3 SEM 1/SSC/const.xdc:41]
Resolution: If [get_<value>] was used to populate the object, check to make sure this command returns at least one valid object.
WARNING: [Vivado 12-584] No ports matched 'sw[15]'. [D:/MATERIALE AN 3 SEM 1/SSC/const.xdc:42]
CRITICAL WARNING: [Common 17-55] 'set_property' expects at least one object. [D:/MATERIALE AN 3 SEM 1/SSC/const.xdc:42]
Resolution: If [get_<value>] was used to populate the object, check to make sure this command returns at least one valid object.
WARNING: [Vivado 12-584] No ports matched 'sw[15]'. [D:/MATERIALE AN 3 SEM 1/SSC/const.xdc:43]
CRITICAL WARNING: [Common 17-55] 'set_property' expects at least one object. [D:/MATERIALE AN 3 SEM 1/SSC/const.xdc:43]
Resolution: If [get_<value>] was used to populate the object, check to make sure this command returns at least one valid object.
WARNING: [Vivado 12-584] No ports matched 'led[0]'. [D:/MATERIALE AN 3 SEM 1/SSC/const.xdc:47]
CRITICAL WARNING: [Common 17-55] 'set_property' expects at least one object. [D:/MATERIALE AN 3 SEM 1/SSC/const.xdc:47]
Resolution: If [get_<value>] was used to populate the object, check to make sure this command returns at least one valid object.
WARNING: [Vivado 12-584] No ports matched 'led[0]'. [D:/MATERIALE AN 3 SEM 1/SSC/const.xdc:48]
CRITICAL WARNING: [Common 17-55] 'set_property' expects at least one object. [D:/MATERIALE AN 3 SEM 1/SSC/const.xdc:48]
Resolution: If [get_<value>] was used to populate the object, check to make sure this command returns at least one valid object.
WARNING: [Vivado 12-584] No ports matched 'led[1]'. [D:/MATERIALE AN 3 SEM 1/SSC/const.xdc:49]
CRITICAL WARNING: [Common 17-55] 'set_property' expects at least one object. [D:/MATERIALE AN 3 SEM 1/SSC/const.xdc:49]
Resolution: If [get_<value>] was used to populate the object, check to make sure this command returns at least one valid object.
WARNING: [Vivado 12-584] No ports matched 'led[1]'. [D:/MATERIALE AN 3 SEM 1/SSC/const.xdc:50]
CRITICAL WARNING: [Common 17-55] 'set_property' expects at least one object. [D:/MATERIALE AN 3 SEM 1/SSC/const.xdc:50]
Resolution: If [get_<value>] was used to populate the object, check to make sure this command returns at least one valid object.
WARNING: [Vivado 12-584] No ports matched 'led[2]'. [D:/MATERIALE AN 3 SEM 1/SSC/const.xdc:51]
CRITICAL WARNING: [Common 17-55] 'set_property' expects at least one object. [D:/MATERIALE AN 3 SEM 1/SSC/const.xdc:51]
Resolution: If [get_<value>] was used to populate the object, check to make sure this command returns at least one valid object.
WARNING: [Vivado 12-584] No ports matched 'led[2]'. [D:/MATERIALE AN 3 SEM 1/SSC/const.xdc:52]
CRITICAL WARNING: [Common 17-55] 'set_property' expects at least one object. [D:/MATERIALE AN 3 SEM 1/SSC/const.xdc:52]
Resolution: If [get_<value>] was used to populate the object, check to make sure this command returns at least one valid object.
WARNING: [Vivado 12-584] No ports matched 'led[3]'. [D:/MATERIALE AN 3 SEM 1/SSC/const.xdc:53]
CRITICAL WARNING: [Common 17-55] 'set_property' expects at least one object. [D:/MATERIALE AN 3 SEM 1/SSC/const.xdc:53]
Resolution: If [get_<value>] was used to populate the object, check to make sure this command returns at least one valid object.
WARNING: [Vivado 12-584] No ports matched 'led[3]'. [D:/MATERIALE AN 3 SEM 1/SSC/const.xdc:54]
CRITICAL WARNING: [Common 17-55] 'set_property' expects at least one object. [D:/MATERIALE AN 3 SEM 1/SSC/const.xdc:54]
Resolution: If [get_<value>] was used to populate the object, check to make sure this command returns at least one valid object.
WARNING: [Vivado 12-584] No ports matched 'led[4]'. [D:/MATERIALE AN 3 SEM 1/SSC/const.xdc:55]
CRITICAL WARNING: [Common 17-55] 'set_property' expects at least one object. [D:/MATERIALE AN 3 SEM 1/SSC/const.xdc:55]
Resolution: If [get_<value>] was used to populate the object, check to make sure this command returns at least one valid object.
WARNING: [Vivado 12-584] No ports matched 'led[4]'. [D:/MATERIALE AN 3 SEM 1/SSC/const.xdc:56]
CRITICAL WARNING: [Common 17-55] 'set_property' expects at least one object. [D:/MATERIALE AN 3 SEM 1/SSC/const.xdc:56]
Resolution: If [get_<value>] was used to populate the object, check to make sure this command returns at least one valid object.
WARNING: [Vivado 12-584] No ports matched 'led[5]'. [D:/MATERIALE AN 3 SEM 1/SSC/const.xdc:57]
CRITICAL WARNING: [Common 17-55] 'set_property' expects at least one object. [D:/MATERIALE AN 3 SEM 1/SSC/const.xdc:57]
Resolution: If [get_<value>] was used to populate the object, check to make sure this command returns at least one valid object.
WARNING: [Vivado 12-584] No ports matched 'led[5]'. [D:/MATERIALE AN 3 SEM 1/SSC/const.xdc:58]
CRITICAL WARNING: [Common 17-55] 'set_property' expects at least one object. [D:/MATERIALE AN 3 SEM 1/SSC/const.xdc:58]
Resolution: If [get_<value>] was used to populate the object, check to make sure this command returns at least one valid object.
WARNING: [Vivado 12-584] No ports matched 'led[6]'. [D:/MATERIALE AN 3 SEM 1/SSC/const.xdc:59]
CRITICAL WARNING: [Common 17-55] 'set_property' expects at least one object. [D:/MATERIALE AN 3 SEM 1/SSC/const.xdc:59]
Resolution: If [get_<value>] was used to populate the object, check to make sure this command returns at least one valid object.
WARNING: [Vivado 12-584] No ports matched 'led[6]'. [D:/MATERIALE AN 3 SEM 1/SSC/const.xdc:60]
CRITICAL WARNING: [Common 17-55] 'set_property' expects at least one object. [D:/MATERIALE AN 3 SEM 1/SSC/const.xdc:60]
Resolution: If [get_<value>] was used to populate the object, check to make sure this command returns at least one valid object.
WARNING: [Vivado 12-584] No ports matched 'led[7]'. [D:/MATERIALE AN 3 SEM 1/SSC/const.xdc:61]
CRITICAL WARNING: [Common 17-55] 'set_property' expects at least one object. [D:/MATERIALE AN 3 SEM 1/SSC/const.xdc:61]
Resolution: If [get_<value>] was used to populate the object, check to make sure this command returns at least one valid object.
WARNING: [Vivado 12-584] No ports matched 'led[7]'. [D:/MATERIALE AN 3 SEM 1/SSC/const.xdc:62]
CRITICAL WARNING: [Common 17-55] 'set_property' expects at least one object. [D:/MATERIALE AN 3 SEM 1/SSC/const.xdc:62]
Resolution: If [get_<value>] was used to populate the object, check to make sure this command returns at least one valid object.
WARNING: [Vivado 12-584] No ports matched 'led[8]'. [D:/MATERIALE AN 3 SEM 1/SSC/const.xdc:63]
CRITICAL WARNING: [Common 17-55] 'set_property' expects at least one object. [D:/MATERIALE AN 3 SEM 1/SSC/const.xdc:63]
Resolution: If [get_<value>] was used to populate the object, check to make sure this command returns at least one valid object.
WARNING: [Vivado 12-584] No ports matched 'led[8]'. [D:/MATERIALE AN 3 SEM 1/SSC/const.xdc:64]
CRITICAL WARNING: [Common 17-55] 'set_property' expects at least one object. [D:/MATERIALE AN 3 SEM 1/SSC/const.xdc:64]
Resolution: If [get_<value>] was used to populate the object, check to make sure this command returns at least one valid object.
WARNING: [Vivado 12-584] No ports matched 'led[9]'. [D:/MATERIALE AN 3 SEM 1/SSC/const.xdc:65]
CRITICAL WARNING: [Common 17-55] 'set_property' expects at least one object. [D:/MATERIALE AN 3 SEM 1/SSC/const.xdc:65]
Resolution: If [get_<value>] was used to populate the object, check to make sure this command returns at least one valid object.
WARNING: [Vivado 12-584] No ports matched 'led[9]'. [D:/MATERIALE AN 3 SEM 1/SSC/const.xdc:66]
CRITICAL WARNING: [Common 17-55] 'set_property' expects at least one object. [D:/MATERIALE AN 3 SEM 1/SSC/const.xdc:66]
Resolution: If [get_<value>] was used to populate the object, check to make sure this command returns at least one valid object.
WARNING: [Vivado 12-584] No ports matched 'led[10]'. [D:/MATERIALE AN 3 SEM 1/SSC/const.xdc:67]
CRITICAL WARNING: [Common 17-55] 'set_property' expects at least one object. [D:/MATERIALE AN 3 SEM 1/SSC/const.xdc:67]
Resolution: If [get_<value>] was used to populate the object, check to make sure this command returns at least one valid object.
WARNING: [Vivado 12-584] No ports matched 'led[10]'. [D:/MATERIALE AN 3 SEM 1/SSC/const.xdc:68]
CRITICAL WARNING: [Common 17-55] 'set_property' expects at least one object. [D:/MATERIALE AN 3 SEM 1/SSC/const.xdc:68]
Resolution: If [get_<value>] was used to populate the object, check to make sure this command returns at least one valid object.
WARNING: [Vivado 12-584] No ports matched 'led[11]'. [D:/MATERIALE AN 3 SEM 1/SSC/const.xdc:69]
CRITICAL WARNING: [Common 17-55] 'set_property' expects at least one object. [D:/MATERIALE AN 3 SEM 1/SSC/const.xdc:69]
Resolution: If [get_<value>] was used to populate the object, check to make sure this command returns at least one valid object.
WARNING: [Vivado 12-584] No ports matched 'led[11]'. [D:/MATERIALE AN 3 SEM 1/SSC/const.xdc:70]
CRITICAL WARNING: [Common 17-55] 'set_property' expects at least one object. [D:/MATERIALE AN 3 SEM 1/SSC/const.xdc:70]
Resolution: If [get_<value>] was used to populate the object, check to make sure this command returns at least one valid object.
WARNING: [Vivado 12-584] No ports matched 'led[12]'. [D:/MATERIALE AN 3 SEM 1/SSC/const.xdc:71]
CRITICAL WARNING: [Common 17-55] 'set_property' expects at least one object. [D:/MATERIALE AN 3 SEM 1/SSC/const.xdc:71]
Resolution: If [get_<value>] was used to populate the object, check to make sure this command returns at least one valid object.
WARNING: [Vivado 12-584] No ports matched 'led[12]'. [D:/MATERIALE AN 3 SEM 1/SSC/const.xdc:72]
CRITICAL WARNING: [Common 17-55] 'set_property' expects at least one object. [D:/MATERIALE AN 3 SEM 1/SSC/const.xdc:72]
Resolution: If [get_<value>] was used to populate the object, check to make sure this command returns at least one valid object.
WARNING: [Vivado 12-584] No ports matched 'led[13]'. [D:/MATERIALE AN 3 SEM 1/SSC/const.xdc:73]
CRITICAL WARNING: [Common 17-55] 'set_property' expects at least one object. [D:/MATERIALE AN 3 SEM 1/SSC/const.xdc:73]
Resolution: If [get_<value>] was used to populate the object, check to make sure this command returns at least one valid object.
WARNING: [Vivado 12-584] No ports matched 'led[13]'. [D:/MATERIALE AN 3 SEM 1/SSC/const.xdc:74]
CRITICAL WARNING: [Common 17-55] 'set_property' expects at least one object. [D:/MATERIALE AN 3 SEM 1/SSC/const.xdc:74]
Resolution: If [get_<value>] was used to populate the object, check to make sure this command returns at least one valid object.
WARNING: [Vivado 12-584] No ports matched 'led[14]'. [D:/MATERIALE AN 3 SEM 1/SSC/const.xdc:75]
CRITICAL WARNING: [Common 17-55] 'set_property' expects at least one object. [D:/MATERIALE AN 3 SEM 1/SSC/const.xdc:75]
Resolution: If [get_<value>] was used to populate the object, check to make sure this command returns at least one valid object.
WARNING: [Vivado 12-584] No ports matched 'led[14]'. [D:/MATERIALE AN 3 SEM 1/SSC/const.xdc:76]
CRITICAL WARNING: [Common 17-55] 'set_property' expects at least one object. [D:/MATERIALE AN 3 SEM 1/SSC/const.xdc:76]
Resolution: If [get_<value>] was used to populate the object, check to make sure this command returns at least one valid object.
WARNING: [Vivado 12-584] No ports matched 'led[15]'. [D:/MATERIALE AN 3 SEM 1/SSC/const.xdc:77]
CRITICAL WARNING: [Common 17-55] 'set_property' expects at least one object. [D:/MATERIALE AN 3 SEM 1/SSC/const.xdc:77]
Resolution: If [get_<value>] was used to populate the object, check to make sure this command returns at least one valid object.
WARNING: [Vivado 12-584] No ports matched 'led[15]'. [D:/MATERIALE AN 3 SEM 1/SSC/const.xdc:78]
CRITICAL WARNING: [Common 17-55] 'set_property' expects at least one object. [D:/MATERIALE AN 3 SEM 1/SSC/const.xdc:78]
Resolution: If [get_<value>] was used to populate the object, check to make sure this command returns at least one valid object.
WARNING: [Vivado 12-584] No ports matched 'cat[0]'. [D:/MATERIALE AN 3 SEM 1/SSC/const.xdc:82]
CRITICAL WARNING: [Common 17-55] 'set_property' expects at least one object. [D:/MATERIALE AN 3 SEM 1/SSC/const.xdc:82]
Resolution: If [get_<value>] was used to populate the object, check to make sure this command returns at least one valid object.
WARNING: [Vivado 12-584] No ports matched 'cat[0]'. [D:/MATERIALE AN 3 SEM 1/SSC/const.xdc:83]
CRITICAL WARNING: [Common 17-55] 'set_property' expects at least one object. [D:/MATERIALE AN 3 SEM 1/SSC/const.xdc:83]
Resolution: If [get_<value>] was used to populate the object, check to make sure this command returns at least one valid object.
WARNING: [Vivado 12-584] No ports matched 'cat[1]'. [D:/MATERIALE AN 3 SEM 1/SSC/const.xdc:84]
CRITICAL WARNING: [Common 17-55] 'set_property' expects at least one object. [D:/MATERIALE AN 3 SEM 1/SSC/const.xdc:84]
Resolution: If [get_<value>] was used to populate the object, check to make sure this command returns at least one valid object.
WARNING: [Vivado 12-584] No ports matched 'cat[1]'. [D:/MATERIALE AN 3 SEM 1/SSC/const.xdc:85]
CRITICAL WARNING: [Common 17-55] 'set_property' expects at least one object. [D:/MATERIALE AN 3 SEM 1/SSC/const.xdc:85]
Resolution: If [get_<value>] was used to populate the object, check to make sure this command returns at least one valid object.
WARNING: [Vivado 12-584] No ports matched 'cat[2]'. [D:/MATERIALE AN 3 SEM 1/SSC/const.xdc:86]
CRITICAL WARNING: [Common 17-55] 'set_property' expects at least one object. [D:/MATERIALE AN 3 SEM 1/SSC/const.xdc:86]
Resolution: If [get_<value>] was used to populate the object, check to make sure this command returns at least one valid object.
WARNING: [Vivado 12-584] No ports matched 'cat[2]'. [D:/MATERIALE AN 3 SEM 1/SSC/const.xdc:87]
CRITICAL WARNING: [Common 17-55] 'set_property' expects at least one object. [D:/MATERIALE AN 3 SEM 1/SSC/const.xdc:87]
Resolution: If [get_<value>] was used to populate the object, check to make sure this command returns at least one valid object.
WARNING: [Vivado 12-584] No ports matched 'cat[3]'. [D:/MATERIALE AN 3 SEM 1/SSC/const.xdc:88]
CRITICAL WARNING: [Common 17-55] 'set_property' expects at least one object. [D:/MATERIALE AN 3 SEM 1/SSC/const.xdc:88]
Resolution: If [get_<value>] was used to populate the object, check to make sure this command returns at least one valid object.
WARNING: [Vivado 12-584] No ports matched 'cat[3]'. [D:/MATERIALE AN 3 SEM 1/SSC/const.xdc:89]
CRITICAL WARNING: [Common 17-55] 'set_property' expects at least one object. [D:/MATERIALE AN 3 SEM 1/SSC/const.xdc:89]
Resolution: If [get_<value>] was used to populate the object, check to make sure this command returns at least one valid object.
WARNING: [Vivado 12-584] No ports matched 'cat[4]'. [D:/MATERIALE AN 3 SEM 1/SSC/const.xdc:90]
CRITICAL WARNING: [Common 17-55] 'set_property' expects at least one object. [D:/MATERIALE AN 3 SEM 1/SSC/const.xdc:90]
Resolution: If [get_<value>] was used to populate the object, check to make sure this command returns at least one valid object.
WARNING: [Vivado 12-584] No ports matched 'cat[4]'. [D:/MATERIALE AN 3 SEM 1/SSC/const.xdc:91]
CRITICAL WARNING: [Common 17-55] 'set_property' expects at least one object. [D:/MATERIALE AN 3 SEM 1/SSC/const.xdc:91]
Resolution: If [get_<value>] was used to populate the object, check to make sure this command returns at least one valid object.
WARNING: [Vivado 12-584] No ports matched 'cat[5]'. [D:/MATERIALE AN 3 SEM 1/SSC/const.xdc:92]
CRITICAL WARNING: [Common 17-55] 'set_property' expects at least one object. [D:/MATERIALE AN 3 SEM 1/SSC/const.xdc:92]
Resolution: If [get_<value>] was used to populate the object, check to make sure this command returns at least one valid object.
WARNING: [Vivado 12-584] No ports matched 'cat[5]'. [D:/MATERIALE AN 3 SEM 1/SSC/const.xdc:93]
CRITICAL WARNING: [Common 17-55] 'set_property' expects at least one object. [D:/MATERIALE AN 3 SEM 1/SSC/const.xdc:93]
Resolution: If [get_<value>] was used to populate the object, check to make sure this command returns at least one valid object.
WARNING: [Vivado 12-584] No ports matched 'cat[6]'. [D:/MATERIALE AN 3 SEM 1/SSC/const.xdc:94]
CRITICAL WARNING: [Common 17-55] 'set_property' expects at least one object. [D:/MATERIALE AN 3 SEM 1/SSC/const.xdc:94]
Resolution: If [get_<value>] was used to populate the object, check to make sure this command returns at least one valid object.
WARNING: [Vivado 12-584] No ports matched 'cat[6]'. [D:/MATERIALE AN 3 SEM 1/SSC/const.xdc:95]
CRITICAL WARNING: [Common 17-55] 'set_property' expects at least one object. [D:/MATERIALE AN 3 SEM 1/SSC/const.xdc:95]
Resolution: If [get_<value>] was used to populate the object, check to make sure this command returns at least one valid object.
WARNING: [Vivado 12-584] No ports matched 'an[0]'. [D:/MATERIALE AN 3 SEM 1/SSC/const.xdc:99]
CRITICAL WARNING: [Common 17-55] 'set_property' expects at least one object. [D:/MATERIALE AN 3 SEM 1/SSC/const.xdc:99]
Resolution: If [get_<value>] was used to populate the object, check to make sure this command returns at least one valid object.
WARNING: [Vivado 12-584] No ports matched 'an[0]'. [D:/MATERIALE AN 3 SEM 1/SSC/const.xdc:100]
CRITICAL WARNING: [Common 17-55] 'set_property' expects at least one object. [D:/MATERIALE AN 3 SEM 1/SSC/const.xdc:100]
Resolution: If [get_<value>] was used to populate the object, check to make sure this command returns at least one valid object.
WARNING: [Vivado 12-584] No ports matched 'an[1]'. [D:/MATERIALE AN 3 SEM 1/SSC/const.xdc:101]
CRITICAL WARNING: [Common 17-55] 'set_property' expects at least one object. [D:/MATERIALE AN 3 SEM 1/SSC/const.xdc:101]
Resolution: If [get_<value>] was used to populate the object, check to make sure this command returns at least one valid object.
WARNING: [Vivado 12-584] No ports matched 'an[1]'. [D:/MATERIALE AN 3 SEM 1/SSC/const.xdc:102]
CRITICAL WARNING: [Common 17-55] 'set_property' expects at least one object. [D:/MATERIALE AN 3 SEM 1/SSC/const.xdc:102]
Resolution: If [get_<value>] was used to populate the object, check to make sure this command returns at least one valid object.
WARNING: [Vivado 12-584] No ports matched 'an[2]'. [D:/MATERIALE AN 3 SEM 1/SSC/const.xdc:103]
CRITICAL WARNING: [Common 17-55] 'set_property' expects at least one object. [D:/MATERIALE AN 3 SEM 1/SSC/const.xdc:103]
Resolution: If [get_<value>] was used to populate the object, check to make sure this command returns at least one valid object.
WARNING: [Vivado 12-584] No ports matched 'an[2]'. [D:/MATERIALE AN 3 SEM 1/SSC/const.xdc:104]
CRITICAL WARNING: [Common 17-55] 'set_property' expects at least one object. [D:/MATERIALE AN 3 SEM 1/SSC/const.xdc:104]
Resolution: If [get_<value>] was used to populate the object, check to make sure this command returns at least one valid object.
WARNING: [Vivado 12-584] No ports matched 'an[3]'. [D:/MATERIALE AN 3 SEM 1/SSC/const.xdc:105]
CRITICAL WARNING: [Common 17-55] 'set_property' expects at least one object. [D:/MATERIALE AN 3 SEM 1/SSC/const.xdc:105]
Resolution: If [get_<value>] was used to populate the object, check to make sure this command returns at least one valid object.
WARNING: [Vivado 12-584] No ports matched 'an[3]'. [D:/MATERIALE AN 3 SEM 1/SSC/const.xdc:106]
CRITICAL WARNING: [Common 17-55] 'set_property' expects at least one object. [D:/MATERIALE AN 3 SEM 1/SSC/const.xdc:106]
Resolution: If [get_<value>] was used to populate the object, check to make sure this command returns at least one valid object.
WARNING: [Vivado 12-584] No ports matched 'btn[0]'. [D:/MATERIALE AN 3 SEM 1/SSC/const.xdc:110]
CRITICAL WARNING: [Common 17-55] 'set_property' expects at least one object. [D:/MATERIALE AN 3 SEM 1/SSC/const.xdc:110]
Resolution: If [get_<value>] was used to populate the object, check to make sure this command returns at least one valid object.
WARNING: [Vivado 12-584] No ports matched 'btn[0]'. [D:/MATERIALE AN 3 SEM 1/SSC/const.xdc:111]
CRITICAL WARNING: [Common 17-55] 'set_property' expects at least one object. [D:/MATERIALE AN 3 SEM 1/SSC/const.xdc:111]
Resolution: If [get_<value>] was used to populate the object, check to make sure this command returns at least one valid object.
WARNING: [Vivado 12-584] No ports matched 'btn[1]'. [D:/MATERIALE AN 3 SEM 1/SSC/const.xdc:112]
CRITICAL WARNING: [Common 17-55] 'set_property' expects at least one object. [D:/MATERIALE AN 3 SEM 1/SSC/const.xdc:112]
Resolution: If [get_<value>] was used to populate the object, check to make sure this command returns at least one valid object.
WARNING: [Vivado 12-584] No ports matched 'btn[1]'. [D:/MATERIALE AN 3 SEM 1/SSC/const.xdc:113]
CRITICAL WARNING: [Common 17-55] 'set_property' expects at least one object. [D:/MATERIALE AN 3 SEM 1/SSC/const.xdc:113]
Resolution: If [get_<value>] was used to populate the object, check to make sure this command returns at least one valid object.
WARNING: [Vivado 12-584] No ports matched 'btn[2]'. [D:/MATERIALE AN 3 SEM 1/SSC/const.xdc:114]
CRITICAL WARNING: [Common 17-55] 'set_property' expects at least one object. [D:/MATERIALE AN 3 SEM 1/SSC/const.xdc:114]
Resolution: If [get_<value>] was used to populate the object, check to make sure this command returns at least one valid object.
WARNING: [Vivado 12-584] No ports matched 'btn[2]'. [D:/MATERIALE AN 3 SEM 1/SSC/const.xdc:115]
CRITICAL WARNING: [Common 17-55] 'set_property' expects at least one object. [D:/MATERIALE AN 3 SEM 1/SSC/const.xdc:115]
Resolution: If [get_<value>] was used to populate the object, check to make sure this command returns at least one valid object.
WARNING: [Vivado 12-584] No ports matched 'btn[3]'. [D:/MATERIALE AN 3 SEM 1/SSC/const.xdc:116]
CRITICAL WARNING: [Common 17-55] 'set_property' expects at least one object. [D:/MATERIALE AN 3 SEM 1/SSC/const.xdc:116]
Resolution: If [get_<value>] was used to populate the object, check to make sure this command returns at least one valid object.
WARNING: [Vivado 12-584] No ports matched 'btn[3]'. [D:/MATERIALE AN 3 SEM 1/SSC/const.xdc:117]
CRITICAL WARNING: [Common 17-55] 'set_property' expects at least one object. [D:/MATERIALE AN 3 SEM 1/SSC/const.xdc:117]
Resolution: If [get_<value>] was used to populate the object, check to make sure this command returns at least one valid object.
WARNING: [Vivado 12-584] No ports matched 'btn[4]'. [D:/MATERIALE AN 3 SEM 1/SSC/const.xdc:118]
CRITICAL WARNING: [Common 17-55] 'set_property' expects at least one object. [D:/MATERIALE AN 3 SEM 1/SSC/const.xdc:118]
Resolution: If [get_<value>] was used to populate the object, check to make sure this command returns at least one valid object.
WARNING: [Vivado 12-584] No ports matched 'btn[4]'. [D:/MATERIALE AN 3 SEM 1/SSC/const.xdc:119]
CRITICAL WARNING: [Common 17-55] 'set_property' expects at least one object. [D:/MATERIALE AN 3 SEM 1/SSC/const.xdc:119]
Resolution: If [get_<value>] was used to populate the object, check to make sure this command returns at least one valid object.
Finished Parsing XDC File [D:/MATERIALE AN 3 SEM 1/SSC/const.xdc]
INFO: [Project 1-236] Implementation specific constraints were found while reading constraint file [D:/MATERIALE AN 3 SEM 1/SSC/const.xdc]. These constraints will be ignored for synthesis but will be used in implementation. Impacted constraints are listed in the file [.Xil/fifo_propImpl.xdc].
Resolution: To avoid this warning, move constraints listed in [.Xil/fifo_propImpl.xdc] to another XDC file and exclude this new file from synthesis with the used_in_synthesis property (File Properties dialog in GUI) and re-run elaboration/synthesis.
Completed Processing XDC Constraints

INFO: [Project 1-111] Unisim Transformation Summary:
No Unisim elements were transformed.

Constraint Validation Runtime : Time (s): cpu = 00:00:00 ; elapsed = 00:00:00.002 . Memory (MB): peak = 611.230 ; gain = 0.000
---------------------------------------------------------------------------------
Finished Constraint Validation : Time (s): cpu = 00:00:09 ; elapsed = 00:00:11 . Memory (MB): peak = 611.230 ; gain = 400.996
---------------------------------------------------------------------------------
---------------------------------------------------------------------------------
Start Loading Part and Timing Information
---------------------------------------------------------------------------------
Loading part: xc7k70tfbv676-1
---------------------------------------------------------------------------------
Finished Loading Part and Timing Information : Time (s): cpu = 00:00:09 ; elapsed = 00:00:11 . Memory (MB): peak = 611.230 ; gain = 400.996
---------------------------------------------------------------------------------
---------------------------------------------------------------------------------
Start Applying 'set_property' XDC Constraints
---------------------------------------------------------------------------------
---------------------------------------------------------------------------------
Finished applying 'set_property' XDC Constraints : Time (s): cpu = 00:00:09 ; elapsed = 00:00:11 . Memory (MB): peak = 611.230 ; gain = 400.996
---------------------------------------------------------------------------------
---------------------------------------------------------------------------------
Finished RTL Optimization Phase 2 : Time (s): cpu = 00:00:09 ; elapsed = 00:00:12 . Memory (MB): peak = 611.230 ; gain = 400.996
---------------------------------------------------------------------------------

Report RTL Partitions: 
+-+--------------+------------+----------+
| |RTL Partition |Replication |Instances |
+-+--------------+------------+----------+
+-+--------------+------------+----------+
---------------------------------------------------------------------------------
Start RTL Component Statistics 
---------------------------------------------------------------------------------
Detailed RTL Component Info : 
+---Adders : 
	   2 Input      3 Bit       Adders := 2     
+---Registers : 
	                8 Bit    Registers := 11    
	                3 Bit    Registers := 2     
+---Muxes : 
	   8 Input      8 Bit        Muxes := 1     
---------------------------------------------------------------------------------
Finished RTL Component Statistics 
---------------------------------------------------------------------------------
---------------------------------------------------------------------------------
Start RTL Hierarchical Component Statistics 
---------------------------------------------------------------------------------
Hierarchical RTL Component report 
Module fifo 
Detailed RTL Component Info : 
+---Adders : 
	   2 Input      3 Bit       Adders := 2     
+---Registers : 
	                8 Bit    Registers := 11    
	                3 Bit    Registers := 2     
+---Muxes : 
	   8 Input      8 Bit        Muxes := 1     
---------------------------------------------------------------------------------
Finished RTL Hierarchical Component Statistics
---------------------------------------------------------------------------------
---------------------------------------------------------------------------------
Start Part Resource Summary
---------------------------------------------------------------------------------
Part Resources:
DSPs: 240 (col length:80)
BRAMs: 270 (col length: RAMB18 80 RAMB36 40)
---------------------------------------------------------------------------------
Finished Part Resource Summary
---------------------------------------------------------------------------------
---------------------------------------------------------------------------------
Start Cross Boundary and Area Optimization
---------------------------------------------------------------------------------
---------------------------------------------------------------------------------
Finished Cross Boundary and Area Optimization : Time (s): cpu = 00:00:10 ; elapsed = 00:00:12 . Memory (MB): peak = 611.230 ; gain = 400.996
---------------------------------------------------------------------------------

Report RTL Partitions: 
+-+--------------+------------+----------+
| |RTL Partition |Replication |Instances |
+-+--------------+------------+----------+
+-+--------------+------------+----------+
---------------------------------------------------------------------------------
Start Timing Optimization
---------------------------------------------------------------------------------
---------------------------------------------------------------------------------
Start Applying XDC Timing Constraints
---------------------------------------------------------------------------------
---------------------------------------------------------------------------------
Finished Applying XDC Timing Constraints : Time (s): cpu = 00:00:15 ; elapsed = 00:00:18 . Memory (MB): peak = 611.230 ; gain = 400.996
---------------------------------------------------------------------------------
---------------------------------------------------------------------------------
Finished Timing Optimization : Time (s): cpu = 00:00:15 ; elapsed = 00:00:18 . Memory (MB): peak = 611.230 ; gain = 400.996
---------------------------------------------------------------------------------

Report RTL Partitions: 
+-+--------------+------------+----------+
| |RTL Partition |Replication |Instances |
+-+--------------+------------+----------+
+-+--------------+------------+----------+
---------------------------------------------------------------------------------
Start Technology Mapping
---------------------------------------------------------------------------------
---------------------------------------------------------------------------------
Finished Technology Mapping : Time (s): cpu = 00:00:15 ; elapsed = 00:00:18 . Memory (MB): peak = 611.230 ; gain = 400.996
---------------------------------------------------------------------------------

Report RTL Partitions: 
+-+--------------+------------+----------+
| |RTL Partition |Replication |Instances |
+-+--------------+------------+----------+
+-+--------------+------------+----------+
---------------------------------------------------------------------------------
Start IO Insertion
---------------------------------------------------------------------------------
---------------------------------------------------------------------------------
Start Flattening Before IO Insertion
---------------------------------------------------------------------------------
---------------------------------------------------------------------------------
Finished Flattening Before IO Insertion
---------------------------------------------------------------------------------
---------------------------------------------------------------------------------
Start Final Netlist Cleanup
---------------------------------------------------------------------------------
---------------------------------------------------------------------------------
Finished Final Netlist Cleanup
---------------------------------------------------------------------------------
---------------------------------------------------------------------------------
Finished IO Insertion : Time (s): cpu = 00:00:16 ; elapsed = 00:00:18 . Memory (MB): peak = 611.230 ; gain = 400.996
---------------------------------------------------------------------------------

Report Check Netlist: 
+------+------------------+-------+---------+-------+------------------+
|      |Item              |Errors |Warnings |Status |Description       |
+------+------------------+-------+---------+-------+------------------+
|1     |multi_driven_nets |      0|        0|Passed |Multi driven nets |
+------+------------------+-------+---------+-------+------------------+
---------------------------------------------------------------------------------
Start Renaming Generated Instances
---------------------------------------------------------------------------------
---------------------------------------------------------------------------------
Finished Renaming Generated Instances : Time (s): cpu = 00:00:16 ; elapsed = 00:00:18 . Memory (MB): peak = 611.230 ; gain = 400.996
---------------------------------------------------------------------------------

Report RTL Partitions: 
+-+--------------+------------+----------+
| |RTL Partition |Replication |Instances |
+-+--------------+------------+----------+
+-+--------------+------------+----------+
---------------------------------------------------------------------------------
Start Rebuilding User Hierarchy
---------------------------------------------------------------------------------
---------------------------------------------------------------------------------
Finished Rebuilding User Hierarchy : Time (s): cpu = 00:00:16 ; elapsed = 00:00:18 . Memory (MB): peak = 611.230 ; gain = 400.996
---------------------------------------------------------------------------------
---------------------------------------------------------------------------------
Start Renaming Generated Ports
---------------------------------------------------------------------------------
---------------------------------------------------------------------------------
Finished Renaming Generated Ports : Time (s): cpu = 00:00:16 ; elapsed = 00:00:18 . Memory (MB): peak = 611.230 ; gain = 400.996
---------------------------------------------------------------------------------
---------------------------------------------------------------------------------
Start Handling Custom Attributes
---------------------------------------------------------------------------------
---------------------------------------------------------------------------------
Finished Handling Custom Attributes : Time (s): cpu = 00:00:16 ; elapsed = 00:00:18 . Memory (MB): peak = 611.230 ; gain = 400.996
---------------------------------------------------------------------------------
---------------------------------------------------------------------------------
Start Renaming Generated Nets
---------------------------------------------------------------------------------
---------------------------------------------------------------------------------
Finished Renaming Generated Nets : Time (s): cpu = 00:00:16 ; elapsed = 00:00:18 . Memory (MB): peak = 611.230 ; gain = 400.996
---------------------------------------------------------------------------------
---------------------------------------------------------------------------------
Start Writing Synthesis Report
---------------------------------------------------------------------------------

Report BlackBoxes: 
+-+--------------+----------+
| |BlackBox name |Instances |
+-+--------------+----------+
+-+--------------+----------+

Report Cell Usage: 
+------+------+------+
|      |Cell  |Count |
+------+------+------+
|1     |BUFG  |     1|
|2     |LUT2  |     7|
|3     |LUT3  |     6|
|4     |LUT4  |     8|
|5     |LUT5  |     1|
|6     |LUT6  |    18|
|7     |MUXF7 |     8|
|8     |FDRE  |    94|
|9     |IBUF  |    11|
|10    |OBUF  |     8|
+------+------+------+

Report Instance Areas: 
+------+---------+-------+------+
|      |Instance |Module |Cells |
+------+---------+-------+------+
|1     |top      |       |   162|
+------+---------+-------+------+
---------------------------------------------------------------------------------
Finished Writing Synthesis Report : Time (s): cpu = 00:00:16 ; elapsed = 00:00:18 . Memory (MB): peak = 611.230 ; gain = 400.996
---------------------------------------------------------------------------------
Synthesis finished with 0 errors, 0 critical warnings and 0 warnings.
Synthesis Optimization Runtime : Time (s): cpu = 00:00:09 ; elapsed = 00:00:12 . Memory (MB): peak = 611.230 ; gain = 110.012
Synthesis Optimization Complete : Time (s): cpu = 00:00:16 ; elapsed = 00:00:18 . Memory (MB): peak = 611.230 ; gain = 400.996
INFO: [Project 1-571] Translating synthesized netlist
INFO: [Netlist 29-17] Analyzing 11 Unisim elements for replacement
INFO: [Netlist 29-28] Unisim Transformation completed in 0 CPU seconds
INFO: [Project 1-570] Preparing netlist for logic optimization
INFO: [Opt 31-138] Pushed 0 inverter(s) to 0 load pin(s).
INFO: [Project 1-111] Unisim Transformation Summary:
No Unisim elements were transformed.

INFO: [Common 17-83] Releasing license: Synthesis
17 Infos, 96 Warnings, 96 Critical Warnings and 0 Errors encountered.
synth_design completed successfully
synth_design: Time (s): cpu = 00:00:14 ; elapsed = 00:00:16 . Memory (MB): peak = 611.230 ; gain = 400.996
INFO: [Common 17-1381] The checkpoint 'D:/MATERIALE AN 3 SEM 1/SSC/lab5/fifo/fifo.runs/synth_1/fifo.dcp' has been generated.
report_utilization: Time (s): cpu = 00:00:00 ; elapsed = 00:00:00.009 . Memory (MB): peak = 611.230 ; gain = 0.000
INFO: [Common 17-206] Exiting Vivado at Mon Nov 14 10:44:32 2022...
